#
# There is insufficient memory for the Java Runtime Environment to continue.
# Native memory allocation (mmap) failed to map 132120576 bytes for Failed to commit area from 0x0000000082a00000 to 0x000000008a800000 of length 132120576.
# Possible reasons:
#   The system is out of physical RAM or swap space
#   The process is running with CompressedOops enabled, and the Java Heap may be blocking the growth of the native heap
# Possible solutions:
#   Reduce memory load on the system
#   Increase physical memory or swap space
#   Check if swap backing store is full
#   Decrease Java heap size (-Xmx/-Xms)
#   Decrease number of Java threads
#   Decrease Java thread stack sizes (-Xss)
#   Set larger code cache with -XX:ReservedCodeCacheSize=
# This output file may be truncated or incomplete.
#
#  Out of Memory Error (src/hotspot/os/windows/os_windows.cpp:3627), pid=9484, tid=5264
#
# JRE version:  (11.0.15+10) (build )
# Java VM: OpenJDK 64-Bit Server VM (11.0.15+10-b2043.56, mixed mode, sharing, tiered, compressed oops, g1 gc, windows-amd64)
# No core dump will be written. Minidumps are not enabled by default on client versions of Windows
#

---------------  S U M M A R Y ------------

Command Line: -XX:TieredStopAtLevel=1 -Xverify:none -Dspring.output.ansi.enabled=always -Dcom.sun.management.jmxremote -Dspring.jmx.enabled=true -Dspring.liveBeansView.mbeanDomain -Dspring.application.admin.enabled=true -javaagent:C:\Program Files\JetBrains\IntelliJ IDEA 2022.1.4\lib\idea_rt.jar=63436:C:\Program Files\JetBrains\IntelliJ IDEA 2022.1.4\bin -Dfile.encoding=UTF-8 rikkei.academy.Md4SpringMvcBt1Application

Host: Intel(R) Core(TM) i7-6600U CPU @ 2.60GHz, 4 cores, 7G,  Windows 10 , 64 bit Build 19041 (10.0.19041.2251)
Time: Fri Nov 11 09:39:12 2022 SE Asia Standard Time elapsed time: 0.020120 seconds (0d 0h 0m 0s)

---------------  T H R E A D  ---------------

Current thread (0x000001313a3f5000):  JavaThread "Unknown thread" [_thread_in_vm, id=5264, stack(0x0000002dbf200000,0x0000002dbf300000)]

Stack: [0x0000002dbf200000,0x0000002dbf300000]
Native frames: (J=compiled Java code, j=interpreted, Vv=VM code, C=native code)
V  [jvm.dll+0x61612a]
V  [jvm.dll+0x79c450]
V  [jvm.dll+0x79da6d]
V  [jvm.dll+0x79e143]
V  [jvm.dll+0x24cc18]
V  [jvm.dll+0x613174]
V  [jvm.dll+0x607e55]
V  [jvm.dll+0x30b1cb]
V  [jvm.dll+0x30b13a]
V  [jvm.dll+0x30b012]
V  [jvm.dll+0x30ff76]
V  [jvm.dll+0x35b4c3]
V  [jvm.dll+0x35bbc6]
V  [jvm.dll+0x35b5c3]
V  [jvm.dll+0x2e5918]
V  [jvm.dll+0x2e6ab7]
V  [jvm.dll+0x7794f7]
V  [jvm.dll+0x77acec]
V  [jvm.dll+0x368a59]
V  [jvm.dll+0x75ce8e]
V  [jvm.dll+0x3d6a33]
V  [jvm.dll+0x3d9001]
C  [jli.dll+0x536b]
C  [ucrtbase.dll+0x21bb2]
C  [KERNEL32.DLL+0x174b4]
C  [ntdll.dll+0x526a1]


---------------  P R O C E S S  ---------------

Threads class SMR info:
_java_thread_list=0x0000013138302600, length=0, elements={
}

Java Threads: ( => current thread )

Other Threads:
  0x000001313a40e800 GCTaskThread "GC Thread#0" [stack: 0x0000002dbf300000,0x0000002dbf400000] [id=12468]
  0x00000131383cb800 ConcurrentGCThread "G1 Main Marker" [stack: 0x0000002dbf400000,0x0000002dbf500000] [id=8300]
  0x00000131383cd000 ConcurrentGCThread "G1 Conc#0" [stack: 0x0000002dbf500000,0x0000002dbf600000] [id=10832]

[error occurred during error reporting (printing all threads), id 0xc0000005, EXCEPTION_ACCESS_VIOLATION (0xc0000005) at pc=0x00007ff88cd86017]

VM state:not at safepoint (not fully initialized)

VM Mutex/Monitor currently owned by a thread:  ([mutex/lock_event])
[0x000001313a3f1530] Heap_lock - owner thread: 0x000001313a3f5000

Heap address: 0x0000000082a00000, size: 2006 MB, Compressed Oops mode: Non-zero based: 0x0000000082a00000
Narrow klass base: 0x0000000000000000, Narrow klass shift: 0

GC Heap History (0 events):
No events

Deoptimization events (0 events):
No events

Classes redefined (0 events):
No events

Internal exceptions (0 events):
No events

Events (1 events):
Event: 0.012 Loaded shared library C:\Program Files\JetBrains\IntelliJ IDEA 2022.1.4\jbr\bin\zip.dll


Dynamic libraries:
0x00007ff642350000 - 0x00007ff64235a000 	C:\Program Files\JetBrains\IntelliJ IDEA 2022.1.4\jbr\bin\java.exe
0x00007ff8d9e30000 - 0x00007ff8da028000 	C:\WINDOWS\SYSTEM32\ntdll.dll
0x00007ff8d9440000 - 0x00007ff8d94ff000 	C:\WINDOWS\System32\KERNEL32.DLL
0x00007ff8d75e0000 - 0x00007ff8d78b2000 	C:\WINDOWS\System32\KERNELBASE.dll
0x00007ff8d7d80000 - 0x00007ff8d7e80000 	C:\WINDOWS\System32\ucrtbase.dll
0x00007ff8d1ab0000 - 0x00007ff8d1ac6000 	C:\Program Files\JetBrains\IntelliJ IDEA 2022.1.4\jbr\bin\VCRUNTIME140.dll
0x00007ff8d1960000 - 0x00007ff8d1979000 	C:\Program Files\JetBrains\IntelliJ IDEA 2022.1.4\jbr\bin\jli.dll
0x00007ff8d9200000 - 0x00007ff8d939d000 	C:\WINDOWS\System32\USER32.dll
0x00007ff8d7cb0000 - 0x00007ff8d7cd2000 	C:\WINDOWS\System32\win32u.dll
0x00007ff8d9840000 - 0x00007ff8d986b000 	C:\WINDOWS\System32\GDI32.dll
0x00007ff8c1500000 - 0x00007ff8c179a000 	C:\WINDOWS\WinSxS\amd64_microsoft.windows.common-controls_6595b64144ccf1df_6.0.19041.1110_none_60b5254171f9507e\COMCTL32.dll
0x00007ff8d78c0000 - 0x00007ff8d79cf000 	C:\WINDOWS\System32\gdi32full.dll
0x00007ff8d7f20000 - 0x00007ff8d7fbe000 	C:\WINDOWS\System32\msvcrt.dll
0x00007ff8d7ce0000 - 0x00007ff8d7d7d000 	C:\WINDOWS\System32\msvcp_win.dll
0x00007ff8d96d0000 - 0x00007ff8d9702000 	C:\WINDOWS\System32\IMM32.DLL
0x00007ff8b44a0000 - 0x00007ff8b454a000 	C:\Program Files\JetBrains\IntelliJ IDEA 2022.1.4\jbr\bin\msvcp140.dll
0x00007ff88ca90000 - 0x00007ff88d60b000 	C:\Program Files\JetBrains\IntelliJ IDEA 2022.1.4\jbr\bin\server\jvm.dll
0x00007ff8d9620000 - 0x00007ff8d96ce000 	C:\WINDOWS\System32\ADVAPI32.dll
0x00007ff8d93a0000 - 0x00007ff8d943c000 	C:\WINDOWS\System32\sechost.dll
0x00007ff8d9bd0000 - 0x00007ff8d9cf5000 	C:\WINDOWS\System32\RPCRT4.dll
0x00007ff8d7ef0000 - 0x00007ff8d7ef8000 	C:\WINDOWS\System32\PSAPI.DLL
0x00007ff8be6b0000 - 0x00007ff8be6b9000 	C:\WINDOWS\SYSTEM32\WSOCK32.dll
0x00007ff8d95b0000 - 0x00007ff8d961b000 	C:\WINDOWS\System32\WS2_32.dll
0x00007ff8c05e0000 - 0x00007ff8c0607000 	C:\WINDOWS\SYSTEM32\WINMM.dll
0x00007ff8cec00000 - 0x00007ff8cec0a000 	C:\WINDOWS\SYSTEM32\VERSION.dll
0x00007ff8d5db0000 - 0x00007ff8d5dc2000 	C:\WINDOWS\SYSTEM32\kernel.appcore.dll
0x00007ff8d1e70000 - 0x00007ff8d1e81000 	C:\Program Files\JetBrains\IntelliJ IDEA 2022.1.4\jbr\bin\verify.dll
0x00007ff8d5a90000 - 0x00007ff8d5c74000 	C:\WINDOWS\SYSTEM32\DBGHELP.DLL
0x00007ff8baa70000 - 0x00007ff8baa9c000 	C:\WINDOWS\SYSTEM32\dbgcore.DLL
0x00007ff8d7bf0000 - 0x00007ff8d7c72000 	C:\WINDOWS\System32\bcryptPrimitives.dll
0x00007ff8d1bb0000 - 0x00007ff8d1bd9000 	C:\Program Files\JetBrains\IntelliJ IDEA 2022.1.4\jbr\bin\java.dll
0x00007ff8d1c60000 - 0x00007ff8d1c6b000 	C:\Program Files\JetBrains\IntelliJ IDEA 2022.1.4\jbr\bin\jimage.dll
0x00007ff8b8150000 - 0x00007ff8b815f000 	C:\Program Files\JetBrains\IntelliJ IDEA 2022.1.4\jbr\bin\instrument.dll
0x00007ff8d1b80000 - 0x00007ff8d1b99000 	C:\Program Files\JetBrains\IntelliJ IDEA 2022.1.4\jbr\bin\zip.dll

dbghelp: loaded successfully - version: 4.0.5 - missing functions: none
symbol engine: initialized successfully - sym options: 0x614 - pdb path: .;C:\Program Files\JetBrains\IntelliJ IDEA 2022.1.4\jbr\bin;C:\WINDOWS\SYSTEM32;C:\WINDOWS\WinSxS\amd64_microsoft.windows.common-controls_6595b64144ccf1df_6.0.19041.1110_none_60b5254171f9507e;C:\Program Files\JetBrains\IntelliJ IDEA 2022.1.4\jbr\bin\server

VM Arguments:
jvm_args: -XX:TieredStopAtLevel=1 -Xverify:none -Dspring.output.ansi.enabled=always -Dcom.sun.management.jmxremote -Dspring.jmx.enabled=true -Dspring.liveBeansView.mbeanDomain -Dspring.application.admin.enabled=true -javaagent:C:\Program Files\JetBrains\IntelliJ IDEA 2022.1.4\lib\idea_rt.jar=63436:C:\Program Files\JetBrains\IntelliJ IDEA 2022.1.4\bin -Dfile.encoding=UTF-8 
java_command: rikkei.academy.Md4SpringMvcBt1Application
java_class_path (initial): C:\Users\Admin\Desktop\zingmp3\BE\MD4-case-zingMP3\build\classes\java\main;C:\Users\Admin\Desktop\zingmp3\BE\MD4-case-zingMP3\build\resources\main;C:\Users\Admin\.gradle\caches\modules-2\files-2.1\org.projectlombok\lombok\1.18.10\625fc0055674dff70dbc76efa36d0f2c89b04a24\lombok-1.18.10.jar;C:\Users\Admin\.gradle\caches\modules-2\files-2.1\org.springframework.boot\spring-boot-starter-data-jpa\2.4.0\fd0c82c6582c09f9525e40d79e06c314d81daa9d\spring-boot-starter-data-jpa-2.4.0.jar;C:\Users\Admin\.gradle\caches\modules-2\files-2.1\org.springframework.boot\spring-boot-starter-thymeleaf\2.4.0\ca0c7db4016cebd7609272f63b05ea61f687a730\spring-boot-starter-thymeleaf-2.4.0.jar;C:\Users\Admin\.gradle\caches\modules-2\files-2.1\org.springframework.boot\spring-boot-starter-web\2.4.0\4bdd422c370d1d66ffc12ecafdecc70cad406367\spring-boot-starter-web-2.4.0.jar;C:\Users\Admin\.gradle\caches\modules-2\files-2.1\javax.validation\validation-api\2.0.1.Final\cb855558e6271b1b32e716d24cb85c7f583ce09e\validation-api-2.0.1.Final.jar;C:\Users\Admin\.gradle\caches\modules-2\files-2.1\org.springframework.security\spring-security-taglibs\5.4.2\584f1ac446253c38d9fce262bb6eaa5e0a86133e\spring-security-taglibs-5.4.2.jar;C:\Users\Admin\.gradle\caches\modules-2\files-2.1\org.springframework.security\spring-security-web\5.4.2\397b4d52b0bd9e7219789630ac3836cce7557c44\spring-security-web-5.4.2.jar;C:\Users\Admin\.gradle\caches\modules-2\files-2.1\org.springframework.security\spring-security-config\5.4.2\b3e9919e915aa4f7751b3aba56e4361c909a0ed3\spring-security-config-5.4.2.jar;C:\Users\Admin\.gradle\caches\modules-2\files-2.1\org.springframework.security\spring-security-core\5.4.3\e314852a9aeaaa92361c42b9e67477f35103c3a5\spring-security-core-5.4.3.jar;C:\Users\Admin\.gradle\caches\modules-2\files-2.1\io.jsonwebtoken\jjwt\0.9.0\64e3ed8a5f0bc93ecea592a0b3280f995efbdfe9\jjwt-0.9.0.jar;C:\Users\Admin\.gradle\caches\modules-2\files-2.1\org.springframework.boot\spring-boot-starter-aop\2
Launcher Type: SUN_STANDARD

[Global flags]
     bool BytecodeVerificationLocal                = false                                     {product} {command line}
     bool BytecodeVerificationRemote               = false                                     {product} {command line}
     intx CICompilerCount                          = 3                                         {product} {ergonomic}
     uint ConcGCThreads                            = 1                                         {product} {ergonomic}
     uint G1ConcRefinementThreads                  = 4                                         {product} {ergonomic}
   size_t G1HeapRegionSize                         = 1048576                                   {product} {ergonomic}
    uintx GCDrainStackTargetSize                   = 64                                        {product} {ergonomic}
   size_t InitialHeapSize                          = 132120576                                 {product} {ergonomic}
     bool ManagementServer                         = true                                      {product} {command line}
   size_t MarkStackSize                            = 4194304                                   {product} {ergonomic}
   size_t MaxHeapSize                              = 2103443456                                {product} {ergonomic}
   size_t MinHeapDeltaBytes                        = 1048576                                   {product} {ergonomic}
    uintx NonNMethodCodeHeapSize                   = 6973028                                {pd product} {ergonomic}
    uintx NonProfiledCodeHeapSize                  = 244685212                              {pd product} {ergonomic}
    uintx ProfiledCodeHeapSize                     = 0                                      {pd product} {ergonomic}
    uintx ReservedCodeCacheSize                    = 251658240                              {pd product} {ergonomic}
     bool SegmentedCodeCache                       = true                                      {product} {ergonomic}
     intx TieredStopAtLevel                        = 1                                         {product} {command line}
     bool UseCompressedClassPointers               = true                                 {lp64_product} {ergonomic}
     bool UseCompressedOops                        = true                                 {lp64_product} {ergonomic}
     bool UseG1GC                                  = true                                      {product} {ergonomic}
     bool UseLargePagesIndividualAllocation        = false                                  {pd product} {ergonomic}

Logging:
Log output configuration:
 #0: stdout all=warning uptime,level,tags
 #1: stderr all=off uptime,level,tags

Environment Variables:
JAVA_HOME=C:\Program Filles\Java\jdk-8u45-window-x64.exe
PATH=C:\Program Files (x86)\Common Files\Oracle\Java\javapath;C:\ProgramData\Oracle\Java\javapath;C:\WINDOWS\system32;C:\WINDOWS;C:\WINDOWS\System32\Wbem;C:\WINDOWS\System32\WindowsPowerShell\v1.0\;C:\WINDOWS\System32\OpenSSH\;C:\Program Files\Git\cmd;C:\Program Files\MySQL\MySQL Shell 8.0\bin\;C:\Users\Admin\AppData\Local\Microsoft\WindowsApps;
USERNAME=Admin
OS=Windows_NT
PROCESSOR_IDENTIFIER=Intel64 Family 6 Model 78 Stepping 3, GenuineIntel



---------------  S Y S T E M  ---------------

OS: Windows 10 , 64 bit Build 19041 (10.0.19041.2251)
OS uptime: 0 days 10:46 hours

CPU:total 4 (initial active 4) (2 cores per cpu, 2 threads per core) family 6 model 78 stepping 3 microcode 0xec, cmov, cx8, fxsr, mmx, sse, sse2, sse3, ssse3, sse4.1, sse4.2, popcnt, avx, avx2, aes, clmul, erms, rtm, 3dnowpref, lzcnt, ht, tsc, tscinvbit, bmi1, bmi2, adx, fma

Memory: 4k page, system-wide physical 8018M (554M free)
TotalPageFile size 10443M (AvailPageFile size 108M)
current process WorkingSet (physical memory assigned to process): 10M, peak: 10M
current process commit charge ("private bytes"): 49M, peak: 175M

vm_info: OpenJDK 64-Bit Server VM (11.0.15+10-b2043.56) for windows-amd64 JRE (11.0.15+10-b2043.56), built on May 16 2022 02:28:12 by "" with MS VC++ 14.0 (VS2015)

END.
